<?xml version="1.0" encoding="UTF-8"?>
<!DOCTYPE coverage SYSTEM "https://raw.githubusercontent.com/cobertura/cobertura/master/cobertura/src/site/htdocs/xml/coverage-04.dtd">
<coverage line-rate="0.811960542540074" branch-rate="0" lines-covered="3951" lines-valid="4866" branches-covered="0" branches-valid="0" complexity="0" version="3.6.4" timestamp="2025-06-25 17:46:39.185476">
  <sources/>
  <packages>
    <package name="NULL" line-rate="0.811960542540074" branch-rate="0" complexity="0">
      <classes>
        <class name="util-bulk.R" filename="./util-bulk.R" line-rate="0.225806451612903" branch-rate="0" complexity="0">
          <methods>
            <method name="collect.multi.networks" signature="" line-rate="0" branch-rate="0" complexity="0">
              <lines>
                <line number="43" hits="0" branch="false"/>
                <line number="45" hits="0" branch="false"/>
                <line number="48" hits="0" branch="false"/>
                <line number="50" hits="0" branch="false"/>
                <line number="53" hits="0" branch="false"/>
                <line number="56" hits="0" branch="false"/>
                <line number="59" hits="0" branch="false"/>
                <line number="60" hits="0" branch="false"/>
                <line number="63" hits="0" branch="false"/>
                <line number="64" hits="0" branch="false"/>
                <line number="67" hits="0" branch="false"/>
                <line number="69" hits="0" branch="false"/>
              </lines>
            </method>
            <method name="collect.bipartite.networks" signature="" line-rate="0" branch-rate="0" complexity="0">
              <lines>
                <line number="86" hits="0" branch="false"/>
                <line number="88" hits="0" branch="false"/>
                <line number="91" hits="0" branch="false"/>
                <line number="93" hits="0" branch="false"/>
                <line number="96" hits="0" branch="false"/>
                <line number="99" hits="0" branch="false"/>
                <line number="102" hits="0" branch="false"/>
                <line number="103" hits="0" branch="false"/>
                <line number="106" hits="0" branch="false"/>
                <line number="107" hits="0" branch="false"/>
                <line number="110" hits="0" branch="false"/>
                <line number="112" hits="0" branch="false"/>
              </lines>
            </method>
            <method name="collect.author.networks" signature="" line-rate="0" branch-rate="0" complexity="0">
              <lines>
                <line number="129" hits="0" branch="false"/>
                <line number="131" hits="0" branch="false"/>
                <line number="134" hits="0" branch="false"/>
                <line number="136" hits="0" branch="false"/>
                <line number="139" hits="0" branch="false"/>
                <line number="142" hits="0" branch="false"/>
                <line number="145" hits="0" branch="false"/>
                <line number="146" hits="0" branch="false"/>
                <line number="149" hits="0" branch="false"/>
                <line number="150" hits="0" branch="false"/>
                <line number="153" hits="0" branch="false"/>
                <line number="155" hits="0" branch="false"/>
              </lines>
            </method>
            <method name="collect.artifact.networks" signature="" line-rate="0" branch-rate="0" complexity="0">
              <lines>
                <line number="172" hits="0" branch="false"/>
                <line number="174" hits="0" branch="false"/>
                <line number="177" hits="0" branch="false"/>
                <line number="179" hits="0" branch="false"/>
                <line number="182" hits="0" branch="false"/>
                <line number="185" hits="0" branch="false"/>
                <line number="188" hits="0" branch="false"/>
                <line number="189" hits="0" branch="false"/>
                <line number="192" hits="0" branch="false"/>
                <line number="193" hits="0" branch="false"/>
                <line number="196" hits="0" branch="false"/>
                <line number="198" hits="0" branch="false"/>
              </lines>
            </method>
            <method name="construct.data" signature="" line-rate="1" branch-rate="0" complexity="0">
              <lines>
                <line number="215" hits="1" branch="false"/>
                <line number="217" hits="1" branch="false"/>
                <line number="220" hits="1" branch="false"/>
                <line number="221" hits="1" branch="false"/>
                <line number="222" hits="1" branch="false"/>
                <line number="223" hits="1" branch="false"/>
                <line number="226" hits="1" branch="false"/>
                <line number="227" hits="1" branch="false"/>
                <line number="230" hits="1" branch="false"/>
                <line number="231" hits="1" branch="false"/>
                <line number="234" hits="1" branch="false"/>
                <line number="236" hits="1" branch="false"/>
              </lines>
            </method>
            <method name="run.lapply" signature="" line-rate="1" branch-rate="0" complexity="0">
              <lines>
                <line number="250" hits="1" branch="false"/>
                <line number="251" hits="1" branch="false"/>
              </lines>
            </method>
          </methods>
          <lines>
            <line number="43" hits="0" branch="false"/>
            <line number="45" hits="0" branch="false"/>
            <line number="48" hits="0" branch="false"/>
            <line number="50" hits="0" branch="false"/>
            <line number="53" hits="0" branch="false"/>
            <line number="56" hits="0" branch="false"/>
            <line number="59" hits="0" branch="false"/>
            <line number="60" hits="0" branch="false"/>
            <line number="63" hits="0" branch="false"/>
            <line number="64" hits="0" branch="false"/>
            <line number="67" hits="0" branch="false"/>
            <line number="69" hits="0" branch="false"/>
            <line number="86" hits="0" branch="false"/>
            <line number="88" hits="0" branch="false"/>
            <line number="91" hits="0" branch="false"/>
            <line number="93" hits="0" branch="false"/>
            <line number="96" hits="0" branch="false"/>
            <line number="99" hits="0" branch="false"/>
            <line number="102" hits="0" branch="false"/>
            <line number="103" hits="0" branch="false"/>
            <line number="106" hits="0" branch="false"/>
            <line number="107" hits="0" branch="false"/>
            <line number="110" hits="0" branch="false"/>
            <line number="112" hits="0" branch="false"/>
            <line number="129" hits="0" branch="false"/>
            <line number="131" hits="0" branch="false"/>
            <line number="134" hits="0" branch="false"/>
            <line number="136" hits="0" branch="false"/>
            <line number="139" hits="0" branch="false"/>
            <line number="142" hits="0" branch="false"/>
            <line number="145" hits="0" branch="false"/>
            <line number="146" hits="0" branch="false"/>
            <line number="149" hits="0" branch="false"/>
            <line number="150" hits="0" branch="false"/>
            <line number="153" hits="0" branch="false"/>
            <line number="155" hits="0" branch="false"/>
            <line number="172" hits="0" branch="false"/>
            <line number="174" hits="0" branch="false"/>
            <line number="177" hits="0" branch="false"/>
            <line number="179" hits="0" branch="false"/>
            <line number="182" hits="0" branch="false"/>
            <line number="185" hits="0" branch="false"/>
            <line number="188" hits="0" branch="false"/>
            <line number="189" hits="0" branch="false"/>
            <line number="192" hits="0" branch="false"/>
            <line number="193" hits="0" branch="false"/>
            <line number="196" hits="0" branch="false"/>
            <line number="198" hits="0" branch="false"/>
            <line number="215" hits="1" branch="false"/>
            <line number="217" hits="1" branch="false"/>
            <line number="220" hits="1" branch="false"/>
            <line number="221" hits="1" branch="false"/>
            <line number="222" hits="1" branch="false"/>
            <line number="223" hits="1" branch="false"/>
            <line number="226" hits="1" branch="false"/>
            <line number="227" hits="1" branch="false"/>
            <line number="230" hits="1" branch="false"/>
            <line number="231" hits="1" branch="false"/>
            <line number="234" hits="1" branch="false"/>
            <line number="236" hits="1" branch="false"/>
            <line number="250" hits="1" branch="false"/>
            <line number="251" hits="1" branch="false"/>
          </lines>
        </class>
        <class name="util-conf.R" filename="./util-conf.R" line-rate="0.741610738255034" branch-rate="0" complexity="0">
          <methods>
            <method name="check.values" signature="" line-rate="0" branch-rate="0" complexity="0">
              <lines>
                <line number="92" hits="0" branch="false"/>
                <line number="93" hits="0" branch="false"/>
                <line number="94" hits="0" branch="false"/>
                <line number="95" hits="0" branch="false"/>
                <line number="96" hits="0" branch="false"/>
              </lines>
            </method>
            <method name="check.value" signature="" line-rate="0.80952380952381" branch-rate="0" complexity="0">
              <lines>
                <line number="115" hits="1607" branch="false"/>
                <line number="116" hits="0" branch="false"/>
                <line number="117" hits="1607" branch="false"/>
                <line number="118" hits="0" branch="false"/>
                <line number="121" hits="1607" branch="false"/>
                <line number="123" hits="1607" branch="false"/>
                <line number="124" hits="0" branch="false"/>
                <line number="126" hits="1607" branch="false"/>
                <line number="127" hits="1607" branch="false"/>
                <line number="128" hits="1607" branch="false"/>
                <line number="129" hits="1607" branch="false"/>
                <line number="130" hits="1607" branch="false"/>
                <line number="133" hits="1607" branch="false"/>
                <line number="134" hits="1607" branch="false"/>
                <line number="135" hits="0" branch="false"/>
                <line number="136" hits="1607" branch="false"/>
                <line number="137" hits="1600" branch="false"/>
                <line number="138" hits="1607" branch="false"/>
                <line number="139" hits="1607" branch="false"/>
                <line number="140" hits="1607" branch="false"/>
                <line number="143" hits="1607" branch="false"/>
              </lines>
            </method>
            <method name="get.conf.as.string" signature="" line-rate="1" branch-rate="0" complexity="0">
              <lines>
                <line number="166" hits="62" branch="false"/>
                <line number="169" hits="62" branch="false"/>
                <line number="170" hits="62" branch="false"/>
                <line number="171" hits="62" branch="false"/>
                <line number="172" hits="62" branch="false"/>
                <line number="173" hits="62" branch="false"/>
                <line number="174" hits="62" branch="false"/>
                <line number="175" hits="62" branch="false"/>
                <line number="178" hits="62" branch="false"/>
              </lines>
            </method>
            <method name="print" signature="" line-rate="0" branch-rate="0" complexity="0">
              <lines>
                <line number="185" hits="0" branch="false"/>
              </lines>
            </method>
            <method name="update.value" signature="" line-rate="1" branch-rate="0" complexity="0">
              <lines>
                <line number="196" hits="503" branch="false"/>
                <line number="197" hits="503" branch="false"/>
                <line number="199" hits="503" branch="false"/>
              </lines>
            </method>
            <method name="update.values" signature="" line-rate="0.444444444444444" branch-rate="0" complexity="0">
              <lines>
                <line number="208" hits="1041" branch="false"/>
                <line number="211" hits="1041" branch="false"/>
                <line number="212" hits="1041" branch="false"/>
                <line number="214" hits="1607" branch="false"/>
                <line number="216" hits="1607" branch="false"/>
                <line number="219" hits="1607" branch="false"/>
                <line number="220" hits="1607" branch="false"/>
                <line number="225" hits="0" branch="false"/>
                <line number="227" hits="0" branch="false"/>
                <line number="229" hits="0" branch="false"/>
                <line number="230" hits="0" branch="false"/>
                <line number="231" hits="0" branch="false"/>
                <line number="232" hits="0" branch="false"/>
                <line number="233" hits="0" branch="false"/>
                <line number="235" hits="0" branch="false"/>
                <line number="237" hits="0" branch="false"/>
                <line number="238" hits="0" branch="false"/>
                <line number="239" hits="0" branch="false"/>
                <line number="240" hits="0" branch="false"/>
                <line number="241" hits="0" branch="false"/>
                <line number="243" hits="0" branch="false"/>
                <line number="245" hits="0" branch="false"/>
                <line number="246" hits="0" branch="false"/>
                <line number="247" hits="0" branch="false"/>
                <line number="248" hits="0" branch="false"/>
                <line number="249" hits="0" branch="false"/>
                <line number="253" hits="0" branch="false"/>
                <line number="254" hits="0" branch="false"/>
                <line number="255" hits="0" branch="false"/>
                <line number="256" hits="0" branch="false"/>
                <line number="257" hits="0" branch="false"/>
                <line number="258" hits="0" branch="false"/>
                <line number="259" hits="0" branch="false"/>
                <line number="260" hits="0" branch="false"/>
                <line number="262" hits="0" branch="false"/>
                <line number="263" hits="0" branch="false"/>
                <line number="264" hits="0" branch="false"/>
                <line number="265" hits="0" branch="false"/>
                <line number="266" hits="0" branch="false"/>
                <line number="267" hits="0" branch="false"/>
                <line number="268" hits="0" branch="false"/>
                <line number="269" hits="0" branch="false"/>
                <line number="270" hits="0" branch="false"/>
                <line number="271" hits="0" branch="false"/>
                <line number="278" hits="1041" branch="false"/>
                <line number="279" hits="1041" branch="false"/>
                <line number="280" hits="1041" branch="false"/>
                <line number="281" hits="1041" branch="false"/>
                <line number="282" hits="1041" branch="false"/>
                <line number="283" hits="1041" branch="false"/>
                <line number="284" hits="1607" branch="false"/>
                <line number="285" hits="1607" branch="false"/>
                <line number="289" hits="1607" branch="false"/>
                <line number="290" hits="1607" branch="false"/>
                <line number="291" hits="10" branch="false"/>
                <line number="294" hits="1597" branch="false"/>
                <line number="295" hits="1597" branch="false"/>
                <line number="296" hits="665" branch="false"/>
                <line number="297" hits="30" branch="false"/>
                <line number="301" hits="932" branch="false"/>
                <line number="305" hits="0" branch="false"/>
                <line number="306" hits="0" branch="false"/>
                <line number="307" hits="0" branch="false"/>
                <line number="311" hits="1041" branch="false"/>
                <line number="938" hits="449" branch="false"/>
                <line number="941" hits="449" branch="false"/>
                <line number="942" hits="449" branch="false"/>
                <line number="943" hits="449" branch="false"/>
                <line number="944" hits="449" branch="false"/>
                <line number="945" hits="449" branch="false"/>
                <line number="946" hits="449" branch="false"/>
                <line number="949" hits="449" branch="false"/>
              </lines>
            </method>
            <method name="get.value" signature="" line-rate="1" branch-rate="0" complexity="0">
              <lines>
                <line number="322" hits="34664" branch="false"/>
                <line number="325" hits="34664" branch="false"/>
                <line number="326" hits="21091" branch="false"/>
                <line number="329" hits="34664" branch="false"/>
              </lines>
            </method>
            <method name="get.entry" signature="" line-rate="1" branch-rate="0" complexity="0">
              <lines>
                <line number="338" hits="54" branch="false"/>
              </lines>
            </method>
            <method name="get.variable" signature="" line-rate="1" branch-rate="0" complexity="0">
              <lines>
                <line number="347" hits="191" branch="false"/>
              </lines>
            </method>
            <method name="get.value.default" signature="" line-rate="1" branch-rate="0" complexity="0">
              <lines>
                <line number="356" hits="21091" branch="false"/>
                <line number="358" hits="21091" branch="false"/>
              </lines>
            </method>
            <method name="postprocess.revision.list" signature="" line-rate="0" branch-rate="0" complexity="0">
              <lines>
                <line number="509" hits="0" branch="false"/>
                <line number="510" hits="0" branch="false"/>
                <line number="511" hits="0" branch="false"/>
                <line number="512" hits="0" branch="false"/>
                <line number="513" hits="0" branch="false"/>
                <line number="514" hits="0" branch="false"/>
                <line number="515" hits="0" branch="false"/>
                <line number="518" hits="0" branch="false"/>
                <line number="519" hits="0" branch="false"/>
                <line number="520" hits="0" branch="false"/>
                <line number="524" hits="0" branch="false"/>
              </lines>
            </method>
            <method name="postprocess.revision.list.for.callgraph.data" signature="" line-rate="1" branch-rate="0" complexity="0">
              <lines>
                <line number="533" hits="1358" branch="false"/>
                <line number="534" hits="1358" branch="false"/>
                <line number="535" hits="1358" branch="false"/>
                <line number="536" hits="1358" branch="false"/>
              </lines>
            </method>
            <method name="get.configurations.folder" signature="" line-rate="1" branch-rate="0" complexity="0">
              <lines>
                <line number="551" hits="296" branch="false"/>
              </lines>
            </method>
            <method name="construct.conf.path" signature="" line-rate="1" branch-rate="0" complexity="0">
              <lines>
                <line number="565" hits="296" branch="false"/>
                <line number="567" hits="296" branch="false"/>
                <line number="569" hits="296" branch="false"/>
              </lines>
            </method>
            <method name="get.results.folder" signature="" line-rate="1" branch-rate="0" complexity="0">
              <lines>
                <line number="583" hits="2072" branch="false"/>
                <line number="584" hits="2072" branch="false"/>
                <line number="585" hits="888" branch="false"/>
                <line number="587" hits="2072" branch="false"/>
              </lines>
            </method>
            <method name="initialize" signature="" line-rate="0.876712328767123" branch-rate="0" complexity="0">
              <lines>
                <line number="606" hits="296" branch="false"/>
                <line number="609" hits="296" branch="false"/>
                <line number="612" hits="296" branch="false"/>
                <line number="614" hits="296" branch="false"/>
                <line number="615" hits="296" branch="false"/>
                <line number="616" hits="296" branch="false"/>
                <line number="617" hits="296" branch="false"/>
                <line number="620" hits="296" branch="false"/>
                <line number="621" hits="296" branch="false"/>
                <line number="622" hits="0" branch="false"/>
                <line number="623" hits="0" branch="false"/>
                <line number="626" hits="296" branch="false"/>
                <line number="629" hits="296" branch="false"/>
                <line number="630" hits="296" branch="false"/>
                <line number="633" hits="296" branch="false"/>
                <line number="634" hits="296" branch="false"/>
                <line number="637" hits="296" branch="false"/>
                <line number="638" hits="296" branch="false"/>
                <line number="639" hits="296" branch="false"/>
                <line number="641" hits="296" branch="false"/>
                <line number="643" hits="296" branch="false"/>
                <line number="645" hits="296" branch="false"/>
                <line number="647" hits="296" branch="false"/>
                <line number="649" hits="296" branch="false"/>
                <line number="650" hits="296" branch="false"/>
                <line number="652" hits="296" branch="false"/>
                <line number="654" hits="296" branch="false"/>
                <line number="659" hits="296" branch="false"/>
                <line number="660" hits="296" branch="false"/>
                <line number="661" hits="296" branch="false"/>
                <line number="663" hits="296" branch="false"/>
                <line number="664" hits="0" branch="false"/>
                <line number="665" hits="0" branch="false"/>
                <line number="666" hits="0" branch="false"/>
                <line number="669" hits="296" branch="false"/>
                <line number="670" hits="296" branch="false"/>
                <line number="671" hits="589" branch="false"/>
                <line number="672" hits="589" branch="false"/>
                <line number="674" hits="296" branch="false"/>
                <line number="675" hits="296" branch="false"/>
                <line number="676" hits="293" branch="false"/>
                <line number="677" hits="296" branch="false"/>
                <line number="680" hits="296" branch="false"/>
                <line number="681" hits="296" branch="false"/>
                <line number="682" hits="296" branch="false"/>
                <line number="685" hits="296" branch="false"/>
                <line number="689" hits="296" branch="false"/>
                <line number="694" hits="296" branch="false"/>
                <line number="925" hits="266" branch="false"/>
                <line number="928" hits="266" branch="false"/>
                <line number="930" hits="266" branch="false"/>
                <line number="830" hits="1561" branch="false"/>
                <line number="834" hits="1561" branch="false"/>
                <line number="835" hits="280" branch="false"/>
                <line number="2417" hits="1281" branch="false"/>
                <line number="2420" hits="1281" branch="false"/>
                <line number="2421" hits="1281" branch="false"/>
                <line number="2424" hits="1281" branch="false"/>
                <line number="2425" hits="1276" branch="false"/>
                <line number="2428" hits="1281" branch="false"/>
                <line number="2430" hits="1281" branch="false"/>
                <line number="974" hits="304" branch="false"/>
                <line number="975" hits="304" branch="false"/>
                <line number="976" hits="304" branch="false"/>
                <line number="979" hits="304" branch="false"/>
                <line number="980" hits="1" branch="false"/>
                <line number="983" hits="304" branch="false"/>
                <line number="984" hits="304" branch="false"/>
                <line number="985" hits="304" branch="false"/>
                <line number="95" hits="0" branch="false"/>
                <line number="96" hits="0" branch="false"/>
                <line number="97" hits="0" branch="false"/>
                <line number="98" hits="0" branch="false"/>
              </lines>
            </method>
            <method name="get.callgraph.revision.from.range" signature="" line-rate="1" branch-rate="0" complexity="0">
              <lines>
                <line number="705" hits="5" branch="false"/>
                <line number="706" hits="5" branch="false"/>
                <line number="707" hits="5" branch="false"/>
              </lines>
            </method>
            <method name="set.revisions" signature="" line-rate="1" branch-rate="0" complexity="0">
              <lines>
                <line number="719" hits="1358" branch="false"/>
                <line number="722" hits="1358" branch="false"/>
                <line number="725" hits="1358" branch="false"/>
                <line number="726" hits="1358" branch="false"/>
                <line number="727" hits="1358" branch="false"/>
                <line number="728" hits="1358" branch="false"/>
                <line number="729" hits="1358" branch="false"/>
                <line number="730" hits="1358" branch="false"/>
                <line number="731" hits="1358" branch="false"/>
                <line number="732" hits="1358" branch="false"/>
                <line number="734" hits="1358" branch="false"/>
                <line number="735" hits="1358" branch="false"/>
                <line number="736" hits="1358" branch="false"/>
                <line number="739" hits="1358" branch="false"/>
                <line number="740" hits="8148" branch="false"/>
              </lines>
            </method>
            <method name="set.splitting.info" signature="" line-rate="1" branch-rate="0" complexity="0">
              <lines>
                <line number="755" hits="1100" branch="false"/>
                <line number="757" hits="1100" branch="false"/>
                <line number="758" hits="1100" branch="false"/>
                <line number="759" hits="1100" branch="false"/>
                <line number="760" hits="1100" branch="false"/>
                <line number="762" hits="1100" branch="false"/>
                <line number="763" hits="1100" branch="false"/>
                <line number="764" hits="1100" branch="false"/>
                <line number="766" hits="1100" branch="false"/>
                <line number="768" hits="1100" branch="false"/>
                <line number="769" hits="1100" branch="false"/>
                <line number="770" hits="1100" branch="false"/>
                <line number="773" hits="1100" branch="false"/>
                <line number="774" hits="7700" branch="false"/>
              </lines>
            </method>
            <method name="clear.edge.attributes" signature="" line-rate="1" branch-rate="0" complexity="0">
              <lines>
                <line number="955" hits="44" branch="false"/>
                <line number="956" hits="44" branch="false"/>
              </lines>
            </method>
            <method name="get.configuration.string" signature="" line-rate="0.85" branch-rate="0" complexity="0">
              <lines>
                <line number="974" hits="62" branch="false"/>
                <line number="975" hits="62" branch="false"/>
                <line number="976" hits="62" branch="false"/>
                <line number="978" hits="62" branch="false"/>
                <line number="980" hits="62" branch="false"/>
                <line number="982" hits="62" branch="false"/>
                <line number="984" hits="62" branch="false"/>
                <line number="987" hits="62" branch="false"/>
                <line number="988" hits="62" branch="false"/>
                <line number="989" hits="62" branch="false"/>
                <line number="991" hits="62" branch="false"/>
                <line number="992" hits="62" branch="false"/>
                <line number="993" hits="62" branch="false"/>
                <line number="994" hits="62" branch="false"/>
                <line number="995" hits="62" branch="false"/>
                <line number="996" hits="62" branch="false"/>
                <line number="997" hits="62" branch="false"/>
                <line number="998" hits="62" branch="false"/>
                <line number="999" hits="62" branch="false"/>
                <line number="1000" hits="62" branch="false"/>
                <line number="1001" hits="62" branch="false"/>
                <line number="1002" hits="62" branch="false"/>
                <line number="1004" hits="62" branch="false"/>
                <line number="1005" hits="62" branch="false"/>
                <line number="1006" hits="62" branch="false"/>
                <line number="1007" hits="62" branch="false"/>
                <line number="1008" hits="0" branch="false"/>
                <line number="1009" hits="0" branch="false"/>
                <line number="1010" hits="0" branch="false"/>
                <line number="1011" hits="0" branch="false"/>
                <line number="1012" hits="0" branch="false"/>
                <line number="1013" hits="0" branch="false"/>
                <line number="1014" hits="0" branch="false"/>
                <line number="1015" hits="0" branch="false"/>
                <line number="1016" hits="0" branch="false"/>
                <line number="1017" hits="62" branch="false"/>
                <line number="1018" hits="62" branch="false"/>
                <line number="1019" hits="62" branch="false"/>
                <line number="1020" hits="62" branch="false"/>
                <line number="1021" hits="62" branch="false"/>
                <line number="1023" hits="62" branch="false"/>
                <line number="1024" hits="62" branch="false"/>
                <line number="1025" hits="62" branch="false"/>
                <line number="1027" hits="62" branch="false"/>
                <line number="1028" hits="62" branch="false"/>
                <line number="1030" hits="62" branch="false"/>
                <line number="1031" hits="62" branch="false"/>
                <line number="1032" hits="62" branch="false"/>
                <line number="1033" hits="62" branch="false"/>
                <line number="1034" hits="62" branch="false"/>
                <line number="1035" hits="62" branch="false"/>
                <line number="1036" hits="62" branch="false"/>
                <line number="1037" hits="62" branch="false"/>
                <line number="1038" hits="62" branch="false"/>
                <line number="1039" hits="62" branch="false"/>
                <line number="1040" hits="62" branch="false"/>
                <line number="1042" hits="62" branch="false"/>
                <line number="1043" hits="62" branch="false"/>
                <line number="1044" hits="62" branch="false"/>
                <line number="1046" hits="62" branch="false"/>
              </lines>
            </method>
            <method name="generate.range.directory.names" signature="" line-rate="0.818181818181818" branch-rate="0" complexity="0">
              <lines>
                <line number="1058" hits="1358" branch="false"/>
                <line number="1060" hits="1358" branch="false"/>
                <line number="1061" hits="1358" branch="false"/>
                <line number="1063" hits="1358" branch="false"/>
                <line number="1064" hits="0" branch="false"/>
                <line number="1065" hits="0" branch="false"/>
                <line number="1066" hits="1358" branch="false"/>
                <line number="1067" hits="1358" branch="false"/>
                <line number="1068" hits="1358" branch="false"/>
                <line number="1070" hits="1358" branch="false"/>
                <line number="1071" hits="1358" branch="false"/>
              </lines>
            </method>
          </methods>
          <lines>
            <line number="92" hits="0" branch="false"/>
            <line number="93" hits="0" branch="false"/>
            <line number="94" hits="0" branch="false"/>
            <line number="95" hits="0" branch="false"/>
            <line number="96" hits="0" branch="false"/>
            <line number="115" hits="1607" branch="false"/>
            <line number="116" hits="0" branch="false"/>
            <line number="117" hits="1607" branch="false"/>
            <line number="118" hits="0" branch="false"/>
            <line number="121" hits="1607" branch="false"/>
            <line number="123" hits="1607" branch="false"/>
            <line number="124" hits="0" branch="false"/>
            <line number="126" hits="1607" branch="false"/>
            <line number="127" hits="1607" branch="false"/>
            <line number="128" hits="1607" branch="false"/>
            <line number="129" hits="1607" branch="false"/>
            <line number="130" hits="1607" branch="false"/>
            <line number="133" hits="1607" branch="false"/>
            <line number="134" hits="1607" branch="false"/>
            <line number="135" hits="0" branch="false"/>
            <line number="136" hits="1607" branch="false"/>
            <line number="137" hits="1600" branch="false"/>
            <line number="138" hits="1607" branch="false"/>
            <line number="139" hits="1607" branch="false"/>
            <line number="140" hits="1607" branch="false"/>
            <line number="143" hits="1607" branch="false"/>
            <line number="166" hits="62" branch="false"/>
            <line number="169" hits="62" branch="false"/>
            <line number="170" hits="62" branch="false"/>
            <line number="171" hits="62" branch="false"/>
            <line number="172" hits="62" branch="false"/>
            <line number="173" hits="62" branch="false"/>
            <line number="174" hits="62" branch="false"/>
            <line number="175" hits="62" branch="false"/>
            <line number="178" hits="62" branch="false"/>
            <line number="185" hits="0" branch="false"/>
            <line number="196" hits="503" branch="false"/>
            <line number="197" hits="503" branch="false"/>
            <line number="199" hits="503" branch="false"/>
            <line number="208" hits="1041" branch="false"/>
            <line number="211" hits="1041" branch="false"/>
            <line number="212" hits="1041" branch="false"/>
            <line number="214" hits="1607" branch="false"/>
            <line number="216" hits="1607" branch="false"/>
            <line number="219" hits="1607" branch="false"/>
            <line number="220" hits="1607" branch="false"/>
            <line number="225" hits="0" branch="false"/>
            <line number="227" hits="0" branch="false"/>
            <line number="229" hits="0" branch="false"/>
            <line number="230" hits="0" branch="false"/>
            <line number="231" hits="0" branch="false"/>
            <line number="232" hits="0" branch="false"/>
            <line number="233" hits="0" branch="false"/>
            <line number="235" hits="0" branch="false"/>
            <line number="237" hits="0" branch="false"/>
            <line number="238" hits="0" branch="false"/>
            <line number="239" hits="0" branch="false"/>
            <line number="240" hits="0" branch="false"/>
            <line number="241" hits="0" branch="false"/>
            <line number="243" hits="0" branch="false"/>
            <line number="245" hits="0" branch="false"/>
            <line number="246" hits="0" branch="false"/>
            <line number="247" hits="0" branch="false"/>
            <line number="248" hits="0" branch="false"/>
            <line number="249" hits="0" branch="false"/>
            <line number="253" hits="0" branch="false"/>
            <line number="254" hits="0" branch="false"/>
            <line number="255" hits="0" branch="false"/>
            <line number="256" hits="0" branch="false"/>
            <line number="257" hits="0" branch="false"/>
            <line number="258" hits="0" branch="false"/>
            <line number="259" hits="0" branch="false"/>
            <line number="260" hits="0" branch="false"/>
            <line number="262" hits="0" branch="false"/>
            <line number="263" hits="0" branch="false"/>
            <line number="264" hits="0" branch="false"/>
            <line number="265" hits="0" branch="false"/>
            <line number="266" hits="0" branch="false"/>
            <line number="267" hits="0" branch="false"/>
            <line number="268" hits="0" branch="false"/>
            <line number="269" hits="0" branch="false"/>
            <line number="270" hits="0" branch="false"/>
            <line number="271" hits="0" branch="false"/>
            <line number="278" hits="1041" branch="false"/>
            <line number="279" hits="1041" branch="false"/>
            <line number="280" hits="1041" branch="false"/>
            <line number="281" hits="1041" branch="false"/>
            <line number="282" hits="1041" branch="false"/>
            <line number="283" hits="1041" branch="false"/>
            <line number="284" hits="1607" branch="false"/>
            <line number="285" hits="1607" branch="false"/>
            <line number="289" hits="1607" branch="false"/>
            <line number="290" hits="1607" branch="false"/>
            <line number="291" hits="10" branch="false"/>
            <line number="294" hits="1597" branch="false"/>
            <line number="295" hits="1597" branch="false"/>
            <line number="296" hits="665" branch="false"/>
            <line number="297" hits="30" branch="false"/>
            <line number="301" hits="932" branch="false"/>
            <line number="305" hits="0" branch="false"/>
            <line number="306" hits="0" branch="false"/>
            <line number="307" hits="0" branch="false"/>
            <line number="311" hits="1041" branch="false"/>
            <line number="322" hits="34664" branch="false"/>
            <line number="325" hits="34664" branch="false"/>
            <line number="326" hits="21091" branch="false"/>
            <line number="329" hits="34664" branch="false"/>
            <line number="338" hits="54" branch="false"/>
            <line number="347" hits="191" branch="false"/>
            <line number="356" hits="21091" branch="false"/>
            <line number="358" hits="21091" branch="false"/>
            <line number="509" hits="0" branch="false"/>
            <line number="510" hits="0" branch="false"/>
            <line number="511" hits="0" branch="false"/>
            <line number="512" hits="0" branch="false"/>
            <line number="513" hits="0" branch="false"/>
            <line number="514" hits="0" branch="false"/>
            <line number="515" hits="0" branch="false"/>
            <line number="518" hits="0" branch="false"/>
            <line number="519" hits="0" branch="false"/>
            <line number="520" hits="0" branch="false"/>
            <line number="524" hits="0" branch="false"/>
            <line number="533" hits="1358" branch="false"/>
            <line number="534" hits="1358" branch="false"/>
            <line number="535" hits="1358" branch="false"/>
            <line number="536" hits="1358" branch="false"/>
            <line number="551" hits="296" branch="false"/>
            <line number="565" hits="296" branch="false"/>
            <line number="567" hits="296" branch="false"/>
            <line number="569" hits="296" branch="false"/>
            <line number="583" hits="2072" branch="false"/>
            <line number="584" hits="2072" branch="false"/>
            <line number="585" hits="888" branch="false"/>
            <line number="587" hits="2072" branch="false"/>
            <line number="606" hits="296" branch="false"/>
            <line number="609" hits="296" branch="false"/>
            <line number="612" hits="296" branch="false"/>
            <line number="614" hits="296" branch="false"/>
            <line number="615" hits="296" branch="false"/>
            <line number="616" hits="296" branch="false"/>
            <line number="617" hits="296" branch="false"/>
            <line number="620" hits="296" branch="false"/>
            <line number="621" hits="296" branch="false"/>
            <line number="622" hits="0" branch="false"/>
            <line number="623" hits="0" branch="false"/>
            <line number="626" hits="296" branch="false"/>
            <line number="629" hits="296" branch="false"/>
            <line number="630" hits="296" branch="false"/>
            <line number="633" hits="296" branch="false"/>
            <line number="634" hits="296" branch="false"/>
            <line number="637" hits="296" branch="false"/>
            <line number="638" hits="296" branch="false"/>
            <line number="639" hits="296" branch="false"/>
            <line number="641" hits="296" branch="false"/>
            <line number="643" hits="296" branch="false"/>
            <line number="645" hits="296" branch="false"/>
            <line number="647" hits="296" branch="false"/>
            <line number="649" hits="296" branch="false"/>
            <line number="650" hits="296" branch="false"/>
            <line number="652" hits="296" branch="false"/>
            <line number="654" hits="296" branch="false"/>
            <line number="659" hits="296" branch="false"/>
            <line number="660" hits="296" branch="false"/>
            <line number="661" hits="296" branch="false"/>
            <line number="663" hits="296" branch="false"/>
            <line number="664" hits="0" branch="false"/>
            <line number="665" hits="0" branch="false"/>
            <line number="666" hits="0" branch="false"/>
            <line number="669" hits="296" branch="false"/>
            <line number="670" hits="296" branch="false"/>
            <line number="671" hits="589" branch="false"/>
            <line number="672" hits="589" branch="false"/>
            <line number="674" hits="296" branch="false"/>
            <line number="675" hits="296" branch="false"/>
            <line number="676" hits="293" branch="false"/>
            <line number="677" hits="296" branch="false"/>
            <line number="680" hits="296" branch="false"/>
            <line number="681" hits="296" branch="false"/>
            <line number="682" hits="296" branch="false"/>
            <line number="685" hits="296" branch="false"/>
            <line number="689" hits="296" branch="false"/>
            <line number="694" hits="296" branch="false"/>
            <line number="705" hits="5" branch="false"/>
            <line number="706" hits="5" branch="false"/>
            <line number="707" hits="5" branch="false"/>
            <line number="719" hits="1358" branch="false"/>
            <line number="722" hits="1358" branch="false"/>
            <line number="725" hits="1358" branch="false"/>
            <line number="726" hits="1358" branch="false"/>
            <line number="727" hits="1358" branch="false"/>
            <line number="728" hits="1358" branch="false"/>
            <line number="729" hits="1358" branch="false"/>
            <line number="730" hits="1358" branch="false"/>
            <line number="731" hits="1358" branch="false"/>
            <line number="732" hits="1358" branch="false"/>
            <line number="734" hits="1358" branch="false"/>
            <line number="735" hits="1358" branch="false"/>
            <line number="736" hits="1358" branch="false"/>
            <line number="739" hits="1358" branch="false"/>
            <line number="740" hits="8148" branch="false"/>
            <line number="755" hits="1100" branch="false"/>
            <line number="757" hits="1100" branch="false"/>
            <line number="758" hits="1100" branch="false"/>
            <line number="759" hits="1100" branch="false"/>
            <line number="760" hits="1100" branch="false"/>
            <line number="762" hits="1100" branch="false"/>
            <line number="763" hits="1100" branch="false"/>
            <line number="764" hits="1100" branch="false"/>
            <line number="766" hits="1100" branch="false"/>
            <line number="768" hits="1100" branch="false"/>
            <line number="769" hits="1100" branch="false"/>
            <line number="770" hits="1100" branch="false"/>
            <line number="773" hits="1100" branch="false"/>
            <line number="774" hits="7700" branch="false"/>
            <line number="925" hits="266" branch="false"/>
            <line number="928" hits="266" branch="false"/>
            <line number="930" hits="266" branch="false"/>
            <line number="938" hits="449" branch="false"/>
            <line number="941" hits="449" branch="false"/>
            <line number="942" hits="449" branch="false"/>
            <line number="943" hits="449" branch="false"/>
            <line number="944" hits="449" branch="false"/>
            <line number="945" hits="449" branch="false"/>
            <line number="946" hits="449" branch="false"/>
            <line number="949" hits="449" branch="false"/>
            <line number="955" hits="44" branch="false"/>
            <line number="956" hits="44" branch="false"/>
            <line number="974" hits="62" branch="false"/>
            <line number="975" hits="62" branch="false"/>
            <line number="976" hits="62" branch="false"/>
            <line number="978" hits="62" branch="false"/>
            <line number="980" hits="62" branch="false"/>
            <line number="982" hits="62" branch="false"/>
            <line number="984" hits="62" branch="false"/>
            <line number="987" hits="62" branch="false"/>
            <line number="988" hits="62" branch="false"/>
            <line number="989" hits="62" branch="false"/>
            <line number="991" hits="62" branch="false"/>
            <line number="992" hits="62" branch="false"/>
            <line number="993" hits="62" branch="false"/>
            <line number="994" hits="62" branch="false"/>
            <line number="995" hits="62" branch="false"/>
            <line number="996" hits="62" branch="false"/>
            <line number="997" hits="62" branch="false"/>
            <line number="998" hits="62" branch="false"/>
            <line number="999" hits="62" branch="false"/>
            <line number="1000" hits="62" branch="false"/>
            <line number="1001" hits="62" branch="false"/>
            <line number="1002" hits="62" branch="false"/>
            <line number="1004" hits="62" branch="false"/>
            <line number="1005" hits="62" branch="false"/>
            <line number="1006" hits="62" branch="false"/>
            <line number="1007" hits="62" branch="false"/>
            <line number="1008" hits="0" branch="false"/>
            <line number="1009" hits="0" branch="false"/>
            <line number="1010" hits="0" branch="false"/>
            <line number="1011" hits="0" branch="false"/>
            <line number="1012" hits="0" branch="false"/>
            <line number="1013" hits="0" branch="false"/>
            <line number="1014" hits="0" branch="false"/>
            <line number="1015" hits="0" branch="false"/>
            <line number="1016" hits="0" branch="false"/>
            <line number="1017" hits="62" branch="false"/>
            <line number="1018" hits="62" branch="false"/>
            <line number="1019" hits="62" branch="false"/>
            <line number="1020" hits="62" branch="false"/>
            <line number="1021" hits="62" branch="false"/>
            <line number="1023" hits="62" branch="false"/>
            <line number="1024" hits="62" branch="false"/>
            <line number="1025" hits="62" branch="false"/>
            <line number="1027" hits="62" branch="false"/>
            <line number="1028" hits="62" branch="false"/>
            <line number="1030" hits="62" branch="false"/>
            <line number="1031" hits="62" branch="false"/>
            <line number="1032" hits="62" branch="false"/>
            <line number="1033" hits="62" branch="false"/>
            <line number="1034" hits="62" branch="false"/>
            <line number="1035" hits="62" branch="false"/>
            <line number="1036" hits="62" branch="false"/>
            <line number="1037" hits="62" branch="false"/>
            <line number="1038" hits="62" branch="false"/>
            <line number="1039" hits="62" branch="false"/>
            <line number="1040" hits="62" branch="false"/>
            <line number="1042" hits="62" branch="false"/>
            <line number="1043" hits="62" branch="false"/>
            <line number="1044" hits="62" branch="false"/>
            <line number="1046" hits="62" branch="false"/>
            <line number="1058" hits="1358" branch="false"/>
            <line number="1060" hits="1358" branch="false"/>
            <line number="1061" hits="1358" branch="false"/>
            <line number="1063" hits="1358" branch="false"/>
            <line number="1064" hits="0" branch="false"/>
            <line number="1065" hits="0" branch="false"/>
            <line number="1066" hits="1358" branch="false"/>
            <line number="1067" hits="1358" branch="false"/>
            <line number="1068" hits="1358" branch="false"/>
            <line number="1070" hits="1358" branch="false"/>
            <line number="1071" hits="1358" branch="false"/>
          </lines>
        </class>
        <class name="util-core-peripheral.R" filename="./util-core-peripheral.R" line-rate="0.456175298804781" branch-rate="0" complexity="0">
          <methods>
            <method name="get.author.class.by.type" signature="" line-rate="0.861111111111111" branch-rate="0" complexity="0">
              <lines>
                <line number="143" hits="54" branch="false"/>
                <line number="145" hits="54" branch="false"/>
                <line number="146" hits="54" branch="false"/>
                <line number="149" hits="54" branch="false"/>
                <line number="150" hits="54" branch="false"/>
                <line number="151" hits="54" branch="false"/>
                <line number="152" hits="54" branch="false"/>
                <line number="153" hits="54" branch="false"/>
                <line number="154" hits="54" branch="false"/>
                <line number="155" hits="54" branch="false"/>
                <line number="156" hits="54" branch="false"/>
                <line number="157" hits="54" branch="false"/>
                <line number="158" hits="54" branch="false"/>
                <line number="159" hits="54" branch="false"/>
                <line number="160" hits="54" branch="false"/>
                <line number="161" hits="54" branch="false"/>
                <line number="162" hits="54" branch="false"/>
                <line number="163" hits="54" branch="false"/>
                <line number="164" hits="54" branch="false"/>
                <line number="166" hits="54" branch="false"/>
                <line number="167" hits="10" branch="false"/>
                <line number="168" hits="0" branch="false"/>
                <line number="169" hits="0" branch="false"/>
                <line number="173" hits="10" branch="false"/>
                <line number="175" hits="10" branch="false"/>
                <line number="176" hits="0" branch="false"/>
                <line number="177" hits="0" branch="false"/>
                <line number="178" hits="0" branch="false"/>
                <line number="179" hits="0" branch="false"/>
                <line number="182" hits="44" branch="false"/>
                <line number="183" hits="0" branch="false"/>
                <line number="184" hits="0" branch="false"/>
                <line number="188" hits="44" branch="false"/>
                <line number="196" hits="54" branch="false"/>
                <line number="198" hits="54" branch="false"/>
                <line number="200" hits="1" branch="false"/>
                <line number="203" hits="1" branch="false"/>
                <line number="204" hits="1" branch="false"/>
                <line number="205" hits="53" branch="false"/>
                <line number="208" hits="3" branch="false"/>
                <line number="209" hits="3" branch="false"/>
                <line number="210" hits="3" branch="false"/>
                <line number="211" hits="0" branch="false"/>
                <line number="212" hits="0" branch="false"/>
                <line number="213" hits="0" branch="false"/>
                <line number="214" hits="0" branch="false"/>
                <line number="215" hits="0" branch="false"/>
                <line number="216" hits="0" branch="false"/>
                <line number="217" hits="0" branch="false"/>
                <line number="218" hits="3" branch="false"/>
                <line number="219" hits="3" branch="false"/>
                <line number="221" hits="3" branch="false"/>
                <line number="224" hits="3" branch="false"/>
                <line number="225" hits="2" branch="false"/>
                <line number="229" hits="3" branch="false"/>
                <line number="230" hits="3" branch="false"/>
                <line number="231" hits="50" branch="false"/>
                <line number="232" hits="2" branch="false"/>
                <line number="233" hits="2" branch="false"/>
                <line number="245" hits="2" branch="false"/>
                <line number="248" hits="2" branch="false"/>
                <line number="249" hits="2" branch="false"/>
                <line number="250" hits="48" branch="false"/>
                <line number="251" hits="1" branch="false"/>
                <line number="253" hits="1" branch="false"/>
                <line number="254" hits="1" branch="false"/>
                <line number="255" hits="47" branch="false"/>
                <line number="256" hits="1" branch="false"/>
                <line number="258" hits="1" branch="false"/>
                <line number="259" hits="1" branch="false"/>
                <line number="260" hits="46" branch="false"/>
                <line number="261" hits="1" branch="false"/>
                <line number="263" hits="1" branch="false"/>
                <line number="264" hits="1" branch="false"/>
                <line number="265" hits="45" branch="false"/>
                <line number="266" hits="1" branch="false"/>
                <line number="271" hits="1" branch="false"/>
                <line number="272" hits="1" branch="false"/>
                <line number="274" hits="1" branch="false"/>
                <line number="275" hits="1" branch="false"/>
                <line number="276" hits="44" branch="false"/>
                <line number="278" hits="19" branch="false"/>
                <line number="279" hits="25" branch="false"/>
                <line number="281" hits="19" branch="false"/>
                <line number="282" hits="6" branch="false"/>
                <line number="284" hits="1" branch="false"/>
                <line number="285" hits="5" branch="false"/>
                <line number="287" hits="1" branch="false"/>
                <line number="288" hits="4" branch="false"/>
                <line number="290" hits="1" branch="false"/>
                <line number="291" hits="3" branch="false"/>
                <line number="293" hits="1" branch="false"/>
                <line number="294" hits="2" branch="false"/>
                <line number="296" hits="1" branch="false"/>
                <line number="299" hits="1" branch="false"/>
                <line number="303" hits="54" branch="false"/>
                <line number="307" hits="54" branch="false"/>
                <line number="308" hits="53" branch="false"/>
                <line number="312" hits="54" branch="false"/>
                <line number="313" hits="54" branch="false"/>
                <line number="316" hits="54" branch="false"/>
                <line number="317" hits="54" branch="false"/>
                <line number="323" hits="54" branch="false"/>
                <line number="325" hits="54" branch="false"/>
                <line number="327" hits="54" branch="false"/>
                <line number="329" hits="54" branch="false"/>
                <line number="331" hits="54" branch="false"/>
                <line number="332" hits="54" branch="false"/>
              </lines>
            </method>
            <method name="get.author.class.overview" signature="" line-rate="0" branch-rate="0" complexity="0">
              <lines>
                <line number="390" hits="0" branch="false"/>
                <line number="392" hits="0" branch="false"/>
                <line number="393" hits="0" branch="false"/>
                <line number="395" hits="0" branch="false"/>
                <line number="396" hits="0" branch="false"/>
                <line number="397" hits="0" branch="false"/>
                <line number="398" hits="0" branch="false"/>
                <line number="401" hits="0" branch="false"/>
                <line number="403" hits="0" branch="false"/>
                <line number="404" hits="0" branch="false"/>
                <line number="405" hits="0" branch="false"/>
                <line number="408" hits="0" branch="false"/>
                <line number="413" hits="0" branch="false"/>
                <line number="414" hits="0" branch="false"/>
                <line number="415" hits="0" branch="false"/>
                <line number="416" hits="0" branch="false"/>
                <line number="417" hits="0" branch="false"/>
                <line number="418" hits="0" branch="false"/>
                <line number="421" hits="0" branch="false"/>
                <line number="422" hits="0" branch="false"/>
                <line number="423" hits="0" branch="false"/>
                <line number="424" hits="0" branch="false"/>
                <line number="425" hits="0" branch="false"/>
                <line number="426" hits="0" branch="false"/>
                <line number="427" hits="0" branch="false"/>
                <line number="428" hits="0" branch="false"/>
                <line number="429" hits="0" branch="false"/>
                <line number="430" hits="0" branch="false"/>
                <line number="432" hits="0" branch="false"/>
                <line number="433" hits="0" branch="false"/>
              </lines>
            </method>
            <method name="get.class.turnover.overview" signature="" line-rate="0" branch-rate="0" complexity="0">
              <lines>
                <line number="445" hits="0" branch="false"/>
                <line number="447" hits="0" branch="false"/>
                <line number="448" hits="0" branch="false"/>
                <line number="450" hits="0" branch="false"/>
                <line number="454" hits="0" branch="false"/>
                <line number="455" hits="0" branch="false"/>
                <line number="456" hits="0" branch="false"/>
                <line number="457" hits="0" branch="false"/>
                <line number="458" hits="0" branch="false"/>
                <line number="459" hits="0" branch="false"/>
                <line number="460" hits="0" branch="false"/>
                <line number="461" hits="0" branch="false"/>
                <line number="462" hits="0" branch="false"/>
                <line number="463" hits="0" branch="false"/>
                <line number="466" hits="0" branch="false"/>
                <line number="467" hits="0" branch="false"/>
                <line number="468" hits="0" branch="false"/>
                <line number="469" hits="0" branch="false"/>
                <line number="470" hits="0" branch="false"/>
                <line number="471" hits="0" branch="false"/>
                <line number="472" hits="0" branch="false"/>
                <line number="473" hits="0" branch="false"/>
                <line number="474" hits="0" branch="false"/>
                <line number="478" hits="0" branch="false"/>
                <line number="479" hits="0" branch="false"/>
                <line number="480" hits="0" branch="false"/>
                <line number="481" hits="0" branch="false"/>
                <line number="482" hits="0" branch="false"/>
                <line number="483" hits="0" branch="false"/>
                <line number="484" hits="0" branch="false"/>
                <line number="485" hits="0" branch="false"/>
                <line number="486" hits="0" branch="false"/>
                <line number="487" hits="0" branch="false"/>
                <line number="489" hits="0" branch="false"/>
                <line number="490" hits="0" branch="false"/>
                <line number="491" hits="0" branch="false"/>
                <line number="492" hits="0" branch="false"/>
                <line number="493" hits="0" branch="false"/>
                <line number="494" hits="0" branch="false"/>
                <line number="495" hits="0" branch="false"/>
                <line number="496" hits="0" branch="false"/>
                <line number="497" hits="0" branch="false"/>
                <line number="500" hits="0" branch="false"/>
                <line number="501" hits="0" branch="false"/>
                <line number="502" hits="0" branch="false"/>
                <line number="505" hits="0" branch="false"/>
                <line number="506" hits="0" branch="false"/>
                <line number="507" hits="0" branch="false"/>
                <line number="508" hits="0" branch="false"/>
                <line number="510" hits="0" branch="false"/>
                <line number="511" hits="0" branch="false"/>
                <line number="512" hits="0" branch="false"/>
                <line number="515" hits="0" branch="false"/>
                <line number="516" hits="0" branch="false"/>
              </lines>
            </method>
            <method name="get.unstable.authors.overview" signature="" line-rate="0" branch-rate="0" complexity="0">
              <lines>
                <line number="529" hits="0" branch="false"/>
                <line number="531" hits="0" branch="false"/>
                <line number="532" hits="0" branch="false"/>
                <line number="534" hits="0" branch="false"/>
                <line number="538" hits="0" branch="false"/>
                <line number="539" hits="0" branch="false"/>
                <line number="540" hits="0" branch="false"/>
                <line number="541" hits="0" branch="false"/>
                <line number="542" hits="0" branch="false"/>
                <line number="543" hits="0" branch="false"/>
                <line number="544" hits="0" branch="false"/>
                <line number="547" hits="0" branch="false"/>
                <line number="548" hits="0" branch="false"/>
                <line number="549" hits="0" branch="false"/>
                <line number="550" hits="0" branch="false"/>
                <line number="551" hits="0" branch="false"/>
                <line number="552" hits="0" branch="false"/>
                <line number="553" hits="0" branch="false"/>
                <line number="554" hits="0" branch="false"/>
                <line number="555" hits="0" branch="false"/>
                <line number="557" hits="0" branch="false"/>
                <line number="558" hits="0" branch="false"/>
                <line number="559" hits="0" branch="false"/>
                <line number="560" hits="0" branch="false"/>
                <line number="561" hits="0" branch="false"/>
                <line number="562" hits="0" branch="false"/>
                <line number="563" hits="0" branch="false"/>
                <line number="565" hits="0" branch="false"/>
                <line number="566" hits="0" branch="false"/>
                <line number="567" hits="0" branch="false"/>
                <line number="568" hits="0" branch="false"/>
                <line number="569" hits="0" branch="false"/>
                <line number="570" hits="0" branch="false"/>
                <line number="571" hits="0" branch="false"/>
                <line number="572" hits="0" branch="false"/>
                <line number="573" hits="0" branch="false"/>
                <line number="576" hits="0" branch="false"/>
                <line number="577" hits="0" branch="false"/>
                <line number="578" hits="0" branch="false"/>
                <line number="581" hits="0" branch="false"/>
                <line number="582" hits="0" branch="false"/>
                <line number="583" hits="0" branch="false"/>
                <line number="586" hits="0" branch="false"/>
                <line number="587" hits="0" branch="false"/>
                <line number="588" hits="0" branch="false"/>
                <line number="591" hits="0" branch="false"/>
                <line number="592" hits="0" branch="false"/>
                <line number="593" hits="0" branch="false"/>
                <line number="596" hits="0" branch="false"/>
                <line number="597" hits="0" branch="false"/>
                <line number="598" hits="0" branch="false"/>
                <line number="599" hits="0" branch="false"/>
                <line number="603" hits="0" branch="false"/>
                <line number="604" hits="0" branch="false"/>
              </lines>
            </method>
            <method name="get.author.class.network.degree" signature="" line-rate="1" branch-rate="0" complexity="0">
              <lines>
                <line number="636" hits="1" branch="false"/>
                <line number="638" hits="1" branch="false"/>
                <line number="639" hits="1" branch="false"/>
                <line number="641" hits="1" branch="false"/>
                <line number="642" hits="1" branch="false"/>
              </lines>
            </method>
            <method name="get.author.class.network.eigen" signature="" line-rate="1" branch-rate="0" complexity="0">
              <lines>
                <line number="670" hits="1" branch="false"/>
                <line number="672" hits="1" branch="false"/>
                <line number="673" hits="1" branch="false"/>
                <line number="675" hits="1" branch="false"/>
                <line number="676" hits="1" branch="false"/>
              </lines>
            </method>
            <method name="get.author.class.network.hierarchy" signature="" line-rate="1" branch-rate="0" complexity="0">
              <lines>
                <line number="705" hits="2" branch="false"/>
                <line number="707" hits="2" branch="false"/>
                <line number="708" hits="2" branch="false"/>
                <line number="710" hits="2" branch="false"/>
                <line number="711" hits="2" branch="false"/>
              </lines>
            </method>
            <method name="get.author.class.network.betweenness" signature="" line-rate="1" branch-rate="0" complexity="0">
              <lines>
                <line number="740" hits="1" branch="false"/>
                <line number="742" hits="1" branch="false"/>
                <line number="743" hits="1" branch="false"/>
                <line number="745" hits="1" branch="false"/>
                <line number="746" hits="1" branch="false"/>
              </lines>
            </method>
            <method name="get.author.class.network.closeness" signature="" line-rate="1" branch-rate="0" complexity="0">
              <lines>
                <line number="775" hits="1" branch="false"/>
                <line number="777" hits="1" branch="false"/>
                <line number="778" hits="1" branch="false"/>
                <line number="780" hits="1" branch="false"/>
                <line number="781" hits="1" branch="false"/>
              </lines>
            </method>
            <method name="get.author.class.network.pagerank" signature="" line-rate="1" branch-rate="0" complexity="0">
              <lines>
                <line number="810" hits="1" branch="false"/>
                <line number="812" hits="1" branch="false"/>
                <line number="813" hits="1" branch="false"/>
                <line number="815" hits="1" branch="false"/>
                <line number="816" hits="1" branch="false"/>
              </lines>
            </method>
            <method name="get.author.class.network.eccentricity" signature="" line-rate="1" branch-rate="0" complexity="0">
              <lines>
                <line number="845" hits="1" branch="false"/>
                <line number="847" hits="1" branch="false"/>
                <line number="848" hits="1" branch="false"/>
                <line number="850" hits="1" branch="false"/>
                <line number="851" hits="1" branch="false"/>
              </lines>
            </method>
            <method name="get.author.class.commit.count" signature="" line-rate="1" branch-rate="0" complexity="0">
              <lines>
                <line number="883" hits="1" branch="false"/>
                <line number="885" hits="1" branch="false"/>
                <line number="886" hits="1" branch="false"/>
                <line number="888" hits="1" branch="false"/>
                <line number="889" hits="1" branch="false"/>
              </lines>
            </method>
            <method name="get.author.class.loc.count" signature="" line-rate="1" branch-rate="0" complexity="0">
              <lines>
                <line number="919" hits="1" branch="false"/>
                <line number="921" hits="1" branch="false"/>
                <line number="922" hits="1" branch="false"/>
                <line number="924" hits="1" branch="false"/>
                <line number="925" hits="1" branch="false"/>
              </lines>
            </method>
            <method name="get.author.class.mail.count" signature="" line-rate="1" branch-rate="0" complexity="0">
              <lines>
                <line number="953" hits="1" branch="false"/>
                <line number="955" hits="1" branch="false"/>
                <line number="956" hits="1" branch="false"/>
                <line number="958" hits="1" branch="false"/>
                <line number="959" hits="1" branch="false"/>
              </lines>
            </method>
            <method name="get.author.class.mail.thread.count" signature="" line-rate="1" branch-rate="0" complexity="0">
              <lines>
                <line number="986" hits="1" branch="false"/>
                <line number="988" hits="1" branch="false"/>
                <line number="989" hits="1" branch="false"/>
                <line number="991" hits="1" branch="false"/>
                <line number="992" hits="1" branch="false"/>
              </lines>
            </method>
            <method name="get.author.class.issue.count" signature="" line-rate="1" branch-rate="0" complexity="0">
              <lines>
                <line number="1024" hits="1" branch="false"/>
                <line number="1026" hits="1" branch="false"/>
                <line number="1028" hits="1" branch="false"/>
                <line number="1029" hits="1" branch="false"/>
                <line number="1030" hits="1" branch="false"/>
                <line number="1032" hits="1" branch="false"/>
                <line number="1033" hits="1" branch="false"/>
              </lines>
            </method>
            <method name="get.author.class.issue.comment.count" signature="" line-rate="1" branch-rate="0" complexity="0">
              <lines>
                <line number="1065" hits="1" branch="false"/>
                <line number="1067" hits="1" branch="false"/>
                <line number="1069" hits="1" branch="false"/>
                <line number="1070" hits="1" branch="false"/>
                <line number="1071" hits="1" branch="false"/>
                <line number="1073" hits="1" branch="false"/>
                <line number="1074" hits="1" branch="false"/>
              </lines>
            </method>
            <method name="get.author.class.issue.commented.in.count" signature="" line-rate="1" branch-rate="0" complexity="0">
              <lines>
                <line number="1106" hits="1" branch="false"/>
                <line number="1108" hits="1" branch="false"/>
                <line number="1110" hits="1" branch="false"/>
                <line number="1111" hits="1" branch="false"/>
                <line number="1112" hits="1" branch="false"/>
                <line number="1113" hits="1" branch="false"/>
                <line number="1115" hits="1" branch="false"/>
                <line number="1116" hits="1" branch="false"/>
              </lines>
            </method>
            <method name="get.author.class.issue.created.count" signature="" line-rate="1" branch-rate="0" complexity="0">
              <lines>
                <line number="1148" hits="1" branch="false"/>
                <line number="1150" hits="1" branch="false"/>
                <line number="1152" hits="1" branch="false"/>
                <line number="1153" hits="1" branch="false"/>
                <line number="1154" hits="1" branch="false"/>
                <line number="1156" hits="1" branch="false"/>
                <line number="1157" hits="1" branch="false"/>
              </lines>
            </method>
            <method name="get.recurring.authors" signature="" line-rate="0" branch-rate="0" complexity="0">
              <lines>
                <line number="1173" hits="0" branch="false"/>
                <line number="1175" hits="0" branch="false"/>
                <line number="1177" hits="0" branch="false"/>
                <line number="1178" hits="0" branch="false"/>
                <line number="1181" hits="0" branch="false"/>
                <line number="1184" hits="0" branch="false"/>
                <line number="1185" hits="0" branch="false"/>
                <line number="1188" hits="0" branch="false"/>
                <line number="1191" hits="0" branch="false"/>
                <line number="1192" hits="0" branch="false"/>
                <line number="1193" hits="0" branch="false"/>
                <line number="1196" hits="0" branch="false"/>
                <line number="1197" hits="0" branch="false"/>
                <line number="1201" hits="0" branch="false"/>
                <line number="1202" hits="0" branch="false"/>
                <line number="1205" hits="0" branch="false"/>
                <line number="1209" hits="0" branch="false"/>
                <line number="1210" hits="0" branch="false"/>
                <line number="1213" hits="0" branch="false"/>
                <line number="1214" hits="0" branch="false"/>
                <line number="1217" hits="0" branch="false"/>
                <line number="1221" hits="0" branch="false"/>
                <line number="1222" hits="0" branch="false"/>
                <line number="1227" hits="0" branch="false"/>
                <line number="1228" hits="0" branch="false"/>
                <line number="1229" hits="0" branch="false"/>
                <line number="1230" hits="0" branch="false"/>
                <line number="1233" hits="0" branch="false"/>
                <line number="1235" hits="0" branch="false"/>
                <line number="1236" hits="0" branch="false"/>
              </lines>
            </method>
            <method name="get.longterm.core.authors" signature="" line-rate="0" branch-rate="0" complexity="0">
              <lines>
                <line number="1249" hits="0" branch="false"/>
                <line number="1251" hits="0" branch="false"/>
                <line number="1252" hits="0" branch="false"/>
                <line number="1253" hits="0" branch="false"/>
                <line number="1257" hits="0" branch="false"/>
                <line number="1260" hits="0" branch="false"/>
                <line number="1263" hits="0" branch="false"/>
                <line number="1265" hits="0" branch="false"/>
                <line number="1266" hits="0" branch="false"/>
              </lines>
            </method>
            <method name="get.role.stability" signature="" line-rate="0" branch-rate="0" complexity="0">
              <lines>
                <line number="1277" hits="0" branch="false"/>
                <line number="1279" hits="0" branch="false"/>
                <line number="1280" hits="0" branch="false"/>
                <line number="1281" hits="0" branch="false"/>
                <line number="1282" hits="0" branch="false"/>
                <line number="1283" hits="0" branch="false"/>
                <line number="1284" hits="0" branch="false"/>
                <line number="1285" hits="0" branch="false"/>
                <line number="1286" hits="0" branch="false"/>
                <line number="1287" hits="0" branch="false"/>
                <line number="1289" hits="0" branch="false"/>
                <line number="1292" hits="0" branch="false"/>
                <line number="1295" hits="0" branch="false"/>
                <line number="1296" hits="0" branch="false"/>
                <line number="1297" hits="0" branch="false"/>
                <line number="1298" hits="0" branch="false"/>
                <line number="1299" hits="0" branch="false"/>
                <line number="1302" hits="0" branch="false"/>
                <line number="1303" hits="0" branch="false"/>
                <line number="1304" hits="0" branch="false"/>
                <line number="1305" hits="0" branch="false"/>
                <line number="1306" hits="0" branch="false"/>
                <line number="1307" hits="0" branch="false"/>
                <line number="1310" hits="0" branch="false"/>
                <line number="1311" hits="0" branch="false"/>
                <line number="1312" hits="0" branch="false"/>
                <line number="1315" hits="0" branch="false"/>
                <line number="1316" hits="0" branch="false"/>
                <line number="1317" hits="0" branch="false"/>
                <line number="1320" hits="0" branch="false"/>
                <line number="1321" hits="0" branch="false"/>
                <line number="1322" hits="0" branch="false"/>
                <line number="1326" hits="0" branch="false"/>
                <line number="1327" hits="0" branch="false"/>
                <line number="1328" hits="0" branch="false"/>
                <line number="1329" hits="0" branch="false"/>
                <line number="1332" hits="0" branch="false"/>
                <line number="1333" hits="0" branch="false"/>
                <line number="1334" hits="0" branch="false"/>
                <line number="1335" hits="0" branch="false"/>
[...]
            <line number="1107" hits="6" branch="false"/>
            <line number="1108" hits="6" branch="false"/>
            <line number="1111" hits="1054" branch="false"/>
            <line number="1114" hits="1054" branch="false"/>
            <line number="1117" hits="1054" branch="false"/>
            <line number="1119" hits="1047" branch="false"/>
            <line number="1120" hits="1047" branch="false"/>
            <line number="1122" hits="1047" branch="false"/>
            <line number="1123" hits="1047" branch="false"/>
            <line number="1124" hits="1047" branch="false"/>
            <line number="1125" hits="1047" branch="false"/>
            <line number="1126" hits="1047" branch="false"/>
            <line number="1128" hits="1047" branch="false"/>
            <line number="1131" hits="1047" branch="false"/>
            <line number="1133" hits="1047" branch="false"/>
            <line number="1134" hits="1047" branch="false"/>
            <line number="1135" hits="1047" branch="false"/>
            <line number="1137" hits="1047" branch="false"/>
            <line number="1140" hits="1047" branch="false"/>
            <line number="1141" hits="1047" branch="false"/>
            <line number="1142" hits="1047" branch="false"/>
            <line number="1145" hits="1047" branch="false"/>
            <line number="1148" hits="1047" branch="false"/>
            <line number="1150" hits="1047" branch="false"/>
            <line number="1151" hits="1047" branch="false"/>
            <line number="1153" hits="1047" branch="false"/>
            <line number="1155" hits="1047" branch="false"/>
            <line number="1158" hits="1047" branch="false"/>
            <line number="1159" hits="1047" branch="false"/>
            <line number="1160" hits="1047" branch="false"/>
            <line number="1161" hits="1047" branch="false"/>
            <line number="1163" hits="1047" branch="false"/>
            <line number="1164" hits="260" branch="false"/>
            <line number="1165" hits="260" branch="false"/>
            <line number="1166" hits="1047" branch="false"/>
            <line number="1168" hits="1047" branch="false"/>
            <line number="1169" hits="1047" branch="false"/>
            <line number="1174" hits="7" branch="false"/>
            <line number="1175" hits="7" branch="false"/>
            <line number="1176" hits="7" branch="false"/>
            <line number="1177" hits="7" branch="false"/>
            <line number="1178" hits="7" branch="false"/>
            <line number="1179" hits="7" branch="false"/>
            <line number="1180" hits="7" branch="false"/>
            <line number="1181" hits="7" branch="false"/>
            <line number="1183" hits="7" branch="false"/>
            <line number="1184" hits="7" branch="false"/>
            <line number="1185" hits="7" branch="false"/>
            <line number="1188" hits="7" branch="false"/>
            <line number="1189" hits="7" branch="false"/>
            <line number="1191" hits="46" branch="false"/>
            <line number="1196" hits="1054" branch="false"/>
            <line number="1197" hits="1054" branch="false"/>
            <line number="1198" hits="1054" branch="false"/>
            <line number="1199" hits="987" branch="false"/>
            <line number="1200" hits="1054" branch="false"/>
            <line number="1201" hits="1054" branch="false"/>
            <line number="1202" hits="67" branch="false"/>
            <line number="1203" hits="6" branch="false"/>
            <line number="1204" hits="6" branch="false"/>
            <line number="1205" hits="6" branch="false"/>
            <line number="1206" hits="6" branch="false"/>
            <line number="1207" hits="6" branch="false"/>
            <line number="1208" hits="6" branch="false"/>
            <line number="1209" hits="6" branch="false"/>
            <line number="1210" hits="1054" branch="false"/>
            <line number="1211" hits="61" branch="false"/>
            <line number="1212" hits="1054" branch="false"/>
            <line number="1213" hits="1054" branch="false"/>
            <line number="1214" hits="1054" branch="false"/>
            <line number="1215" hits="1054" branch="false"/>
            <line number="1216" hits="1054" branch="false"/>
            <line number="1217" hits="1054" branch="false"/>
            <line number="1220" hits="1054" branch="false"/>
            <line number="1223" hits="1054" branch="false"/>
            <line number="1246" hits="5" branch="false"/>
            <line number="1247" hits="5" branch="false"/>
            <line number="1248" hits="5" branch="false"/>
            <line number="1251" hits="5" branch="false"/>
            <line number="1252" hits="5" branch="false"/>
            <line number="1253" hits="5" branch="false"/>
            <line number="1254" hits="5" branch="false"/>
            <line number="1255" hits="5" branch="false"/>
            <line number="1256" hits="5" branch="false"/>
            <line number="1257" hits="5" branch="false"/>
            <line number="1258" hits="5" branch="false"/>
            <line number="1259" hits="5" branch="false"/>
            <line number="1261" hits="5" branch="false"/>
            <line number="1286" hits="129" branch="false"/>
            <line number="1289" hits="129" branch="false"/>
            <line number="1292" hits="129" branch="false"/>
            <line number="1293" hits="34" branch="false"/>
            <line number="1295" hits="95" branch="false"/>
            <line number="1298" hits="129" branch="false"/>
            <line number="1300" hits="129" branch="false"/>
            <line number="1303" hits="129" branch="false"/>
            <line number="1306" hits="57" branch="false"/>
            <line number="1307" hits="57" branch="false"/>
            <line number="1309" hits="57" branch="false"/>
            <line number="1310" hits="57" branch="false"/>
            <line number="1311" hits="57" branch="false"/>
            <line number="1316" hits="72" branch="false"/>
            <line number="1318" hits="72" branch="false"/>
            <line number="1321" hits="129" branch="false"/>
            <line number="1324" hits="129" branch="false"/>
            <line number="1325" hits="129" branch="false"/>
            <line number="1326" hits="129" branch="false"/>
            <line number="1327" hits="129" branch="false"/>
            <line number="1350" hits="69" branch="false"/>
            <line number="1352" hits="69" branch="false"/>
            <line number="1353" hits="69" branch="false"/>
            <line number="1355" hits="69" branch="false"/>
            <line number="1356" hits="69" branch="false"/>
            <line number="1357" hits="69" branch="false"/>
            <line number="1358" hits="69" branch="false"/>
            <line number="1359" hits="69" branch="false"/>
            <line number="1360" hits="69" branch="false"/>
            <line number="1363" hits="69" branch="false"/>
            <line number="1364" hits="46" branch="false"/>
            <line number="1365" hits="46" branch="false"/>
            <line number="1368" hits="1154" branch="false"/>
            <line number="1369" hits="1154" branch="false"/>
            <line number="1371" hits="46" branch="false"/>
            <line number="1373" hits="69" branch="false"/>
            <line number="1376" hits="69" branch="false"/>
            <line number="1377" hits="69" branch="false"/>
            <line number="1378" hits="69" branch="false"/>
            <line number="1379" hits="69" branch="false"/>
            <line number="1382" hits="69" branch="false"/>
            <line number="1384" hits="69" branch="false"/>
            <line number="1386" hits="69" branch="false"/>
            <line number="1389" hits="69" branch="false"/>
            <line number="1390" hits="69" branch="false"/>
            <line number="1394" hits="69" branch="false"/>
            <line number="1397" hits="69" branch="false"/>
            <line number="1398" hits="69" branch="false"/>
            <line number="1399" hits="69" branch="false"/>
            <line number="1400" hits="69" branch="false"/>
            <line number="1401" hits="69" branch="false"/>
            <line number="1403" hits="69" branch="false"/>
            <line number="1405" hits="69" branch="false"/>
            <line number="1408" hits="69" branch="false"/>
            <line number="1410" hits="1" branch="false"/>
            <line number="1412" hits="1" branch="false"/>
            <line number="1414" hits="6" branch="false"/>
            <line number="1416" hits="6" branch="false"/>
            <line number="1418" hits="6" branch="false"/>
            <line number="1419" hits="6" branch="false"/>
            <line number="1420" hits="6" branch="false"/>
            <line number="1424" hits="69" branch="false"/>
            <line number="1425" hits="69" branch="false"/>
            <line number="1426" hits="69" branch="false"/>
            <line number="1427" hits="69" branch="false"/>
            <line number="1428" hits="69" branch="false"/>
          </lines>
        </class>
        <class name="util-tensor.R" filename="./util-tensor.R" line-rate="0" branch-rate="0" complexity="0">
          <methods>
            <method name="build.tensor.from.networks" signature="" line-rate="0" branch-rate="0" complexity="0">
              <lines>
                <line number="60" hits="0" branch="false"/>
                <line number="62" hits="0" branch="false"/>
                <line number="65" hits="0" branch="false"/>
                <line number="67" hits="0" branch="false"/>
                <line number="69" hits="0" branch="false"/>
                <line number="73" hits="0" branch="false"/>
                <line number="78" hits="0" branch="false"/>
                <line number="80" hits="0" branch="false"/>
              </lines>
            </method>
            <method name="initialize" signature="" line-rate="0.876712328767123" branch-rate="0" complexity="0">
              <lines>
                <line number="606" hits="296" branch="false"/>
                <line number="609" hits="296" branch="false"/>
                <line number="612" hits="296" branch="false"/>
                <line number="614" hits="296" branch="false"/>
                <line number="615" hits="296" branch="false"/>
                <line number="616" hits="296" branch="false"/>
                <line number="617" hits="296" branch="false"/>
                <line number="620" hits="296" branch="false"/>
                <line number="621" hits="296" branch="false"/>
                <line number="622" hits="0" branch="false"/>
                <line number="623" hits="0" branch="false"/>
                <line number="626" hits="296" branch="false"/>
                <line number="629" hits="296" branch="false"/>
                <line number="630" hits="296" branch="false"/>
                <line number="633" hits="296" branch="false"/>
                <line number="634" hits="296" branch="false"/>
                <line number="637" hits="296" branch="false"/>
                <line number="638" hits="296" branch="false"/>
                <line number="639" hits="296" branch="false"/>
                <line number="641" hits="296" branch="false"/>
                <line number="643" hits="296" branch="false"/>
                <line number="645" hits="296" branch="false"/>
                <line number="647" hits="296" branch="false"/>
                <line number="649" hits="296" branch="false"/>
                <line number="650" hits="296" branch="false"/>
                <line number="652" hits="296" branch="false"/>
                <line number="654" hits="296" branch="false"/>
                <line number="659" hits="296" branch="false"/>
                <line number="660" hits="296" branch="false"/>
                <line number="661" hits="296" branch="false"/>
                <line number="663" hits="296" branch="false"/>
                <line number="664" hits="0" branch="false"/>
                <line number="665" hits="0" branch="false"/>
                <line number="666" hits="0" branch="false"/>
                <line number="669" hits="296" branch="false"/>
                <line number="670" hits="296" branch="false"/>
                <line number="671" hits="589" branch="false"/>
                <line number="672" hits="589" branch="false"/>
                <line number="674" hits="296" branch="false"/>
                <line number="675" hits="296" branch="false"/>
                <line number="676" hits="293" branch="false"/>
                <line number="677" hits="296" branch="false"/>
                <line number="680" hits="296" branch="false"/>
                <line number="681" hits="296" branch="false"/>
                <line number="682" hits="296" branch="false"/>
                <line number="685" hits="296" branch="false"/>
                <line number="689" hits="296" branch="false"/>
                <line number="694" hits="296" branch="false"/>
                <line number="925" hits="266" branch="false"/>
                <line number="928" hits="266" branch="false"/>
                <line number="930" hits="266" branch="false"/>
                <line number="830" hits="1561" branch="false"/>
                <line number="834" hits="1561" branch="false"/>
                <line number="835" hits="280" branch="false"/>
                <line number="2417" hits="1281" branch="false"/>
                <line number="2420" hits="1281" branch="false"/>
                <line number="2421" hits="1281" branch="false"/>
                <line number="2424" hits="1281" branch="false"/>
                <line number="2425" hits="1276" branch="false"/>
                <line number="2428" hits="1281" branch="false"/>
                <line number="2430" hits="1281" branch="false"/>
                <line number="974" hits="304" branch="false"/>
                <line number="975" hits="304" branch="false"/>
                <line number="976" hits="304" branch="false"/>
                <line number="979" hits="304" branch="false"/>
                <line number="980" hits="1" branch="false"/>
                <line number="983" hits="304" branch="false"/>
                <line number="984" hits="304" branch="false"/>
                <line number="985" hits="304" branch="false"/>
                <line number="95" hits="0" branch="false"/>
                <line number="96" hits="0" branch="false"/>
                <line number="97" hits="0" branch="false"/>
                <line number="98" hits="0" branch="false"/>
              </lines>
            </method>
            <method name="get.dim" signature="" line-rate="0" branch-rate="0" complexity="0">
              <lines>
                <line number="106" hits="0" branch="false"/>
              </lines>
            </method>
            <method name="get.relations" signature="" line-rate="0" branch-rate="0" complexity="0">
              <lines>
                <line number="113" hits="0" branch="false"/>
              </lines>
            </method>
            <method name="get.authors" signature="" line-rate="0.833333333333333" branch-rate="0" complexity="0">
              <lines>
                <line number="1657" hits="203" branch="false"/>
                <line number="1660" hits="203" branch="false"/>
                <line number="1663" hits="99" branch="false"/>
                <line number="1666" hits="99" branch="false"/>
                <line number="1669" hits="203" branch="false"/>
                <line number="120" hits="0" branch="false"/>
              </lines>
            </method>
            <method name="get.tensor" signature="" line-rate="0" branch-rate="0" complexity="0">
              <lines>
                <line number="127" hits="0" branch="false"/>
              </lines>
            </method>
            <method name="get.author.networks.for.multiple.relations" signature="" line-rate="0" branch-rate="0" complexity="0">
              <lines>
                <line number="144" hits="0" branch="false"/>
                <line number="146" hits="0" branch="false"/>
                <line number="149" hits="0" branch="false"/>
                <line number="150" hits="0" branch="false"/>
                <line number="153" hits="0" branch="false"/>
                <line number="154" hits="0" branch="false"/>
                <line number="155" hits="0" branch="false"/>
                <line number="156" hits="0" branch="false"/>
                <line number="157" hits="0" branch="false"/>
                <line number="158" hits="0" branch="false"/>
                <line number="159" hits="0" branch="false"/>
                <line number="160" hits="0" branch="false"/>
                <line number="163" hits="0" branch="false"/>
                <line number="166" hits="0" branch="false"/>
                <line number="168" hits="0" branch="false"/>
              </lines>
            </method>
            <method name="calculate.EDCPTD.centrality" signature="" line-rate="0" branch-rate="0" complexity="0">
              <lines>
                <line number="185" hits="0" branch="false"/>
                <line number="189" hits="0" branch="false"/>
                <line number="192" hits="0" branch="false"/>
                <line number="193" hits="0" branch="false"/>
                <line number="194" hits="0" branch="false"/>
                <line number="195" hits="0" branch="false"/>
                <line number="198" hits="0" branch="false"/>
              </lines>
            </method>
          </methods>
          <lines>
            <line number="60" hits="0" branch="false"/>
            <line number="62" hits="0" branch="false"/>
            <line number="65" hits="0" branch="false"/>
            <line number="67" hits="0" branch="false"/>
            <line number="69" hits="0" branch="false"/>
            <line number="73" hits="0" branch="false"/>
            <line number="78" hits="0" branch="false"/>
            <line number="80" hits="0" branch="false"/>
            <line number="95" hits="0" branch="false"/>
            <line number="96" hits="0" branch="false"/>
            <line number="97" hits="0" branch="false"/>
            <line number="98" hits="0" branch="false"/>
            <line number="106" hits="0" branch="false"/>
            <line number="113" hits="0" branch="false"/>
            <line number="120" hits="0" branch="false"/>
            <line number="127" hits="0" branch="false"/>
            <line number="144" hits="0" branch="false"/>
            <line number="146" hits="0" branch="false"/>
            <line number="149" hits="0" branch="false"/>
            <line number="150" hits="0" branch="false"/>
            <line number="153" hits="0" branch="false"/>
            <line number="154" hits="0" branch="false"/>
            <line number="155" hits="0" branch="false"/>
            <line number="156" hits="0" branch="false"/>
            <line number="157" hits="0" branch="false"/>
            <line number="158" hits="0" branch="false"/>
            <line number="159" hits="0" branch="false"/>
            <line number="160" hits="0" branch="false"/>
            <line number="163" hits="0" branch="false"/>
            <line number="166" hits="0" branch="false"/>
            <line number="168" hits="0" branch="false"/>
            <line number="185" hits="0" branch="false"/>
            <line number="189" hits="0" branch="false"/>
            <line number="192" hits="0" branch="false"/>
            <line number="193" hits="0" branch="false"/>
            <line number="194" hits="0" branch="false"/>
            <line number="195" hits="0" branch="false"/>
            <line number="198" hits="0" branch="false"/>
          </lines>
        </class>
      </classes>
    </package>
  </packages>
</coverage>
